<?xml version="1.0" encoding="UTF-8"?>
<!-- Generated by org.testng.reporters.JUnitXMLReporter -->
<testsuite ignored="0" hostname="DESKTOP-KSPA2IG" failures="1" tests="5" name="firefox" time="212.362" errors="0" timestamp="2026-08-11T18:44:40 IST">
  <testcase classname="OregneHRM.TC07" name="userLogin" time="12.323"/>
  <testcase classname="OregneHRM.TC07" name="rejectJobApplication" time="25.146">
    <skipped/>
  </testcase> <!-- rejectJobApplication -->
  <testcase classname="OregneHRM.TC07" name="rejectJobApplication" time="20.42">
    <skipped/>
  </testcase> <!-- rejectJobApplication -->
  <testcase classname="OregneHRM.TC07" name="rejectJobApplication" time="20.29">
    <skipped/>
  </testcase> <!-- rejectJobApplication -->
  <testcase classname="OregneHRM.TC07" name="rejectJobApplication" time="20.298">
    <failure type="org.openqa.selenium.NoSuchElementException" message="Unable to locate element: //p[.=&amp;apos;Are you Sure?&amp;apos;]
For documentation on this error, please visit: https://www.selenium.dev/documentation/webdriver/troubleshooting/errors#no-such-element-exception
Build info: version: &amp;apos;4.19.0&amp;apos;, revision: &amp;apos;5f9cec8963&amp;apos;
System info: os.name: &amp;apos;Windows 10&amp;apos;, os.arch: &amp;apos;amd64&amp;apos;, os.version: &amp;apos;10.0&amp;apos;, java.version: &amp;apos;23.0.2&amp;apos;
Driver info: org.openqa.selenium.firefox.FirefoxDriver
Command: [e15429ac-b6ae-40c5-b14d-4fc784348ea0, findElement {using=xpath, value=//p[.=&amp;apos;Are you Sure?&amp;apos;]}]
Capabilities {acceptInsecureCerts: true, browserName: firefox, browserVersion: 153.0.4, moz:accessibilityChecks: false, moz:buildID: 20260810162159, moz:geckodriverVersion: 0.37.1, moz:headless: false, moz:platformVersion: 10.0, moz:processID: 17272, moz:profile: C:\Users\admin\AppData\Loca..., moz:shutdownTimeout: 60000, moz:webdriverClick: true, moz:windowless: false, pageLoadStrategy: normal, platformName: windows, proxy: Proxy(), setWindowRect: true, strictFileInteractability: false, timeouts: {implicit: 0, pageLoad: 300000, script: 30000}, unhandledPromptBehavior: dismiss and notify, userAgent: Mozilla/5.0 (Windows NT 10....}
Session ID: e15429ac-b6ae-40c5-b14d-4fc784348ea0">
      <![CDATA[org.openqa.selenium.NoSuchElementException: Unable to locate element: //p[.='Are you Sure?']
For documentation on this error, please visit: https://www.selenium.dev/documentation/webdriver/troubleshooting/errors#no-such-element-exception
Build info: version: '4.19.0', revision: '5f9cec8963'
System info: os.name: 'Windows 10', os.arch: 'amd64', os.version: '10.0', java.version: '23.0.2'
Driver info: org.openqa.selenium.firefox.FirefoxDriver
Command: [e15429ac-b6ae-40c5-b14d-4fc784348ea0, findElement {using=xpath, value=//p[.='Are you Sure?']}]
Capabilities {acceptInsecureCerts: true, browserName: firefox, browserVersion: 153.0.4, moz:accessibilityChecks: false, moz:buildID: 20260810162159, moz:geckodriverVersion: 0.37.1, moz:headless: false, moz:platformVersion: 10.0, moz:processID: 17272, moz:profile: C:\Users\admin\AppData\Loca..., moz:shutdownTimeout: 60000, moz:webdriverClick: true, moz:windowless: false, pageLoadStrategy: normal, platformName: windows, proxy: Proxy(), setWindowRect: true, strictFileInteractability: false, timeouts: {implicit: 0, pageLoad: 300000, script: 30000}, unhandledPromptBehavior: dismiss and notify, userAgent: Mozilla/5.0 (Windows NT 10....}
Session ID: e15429ac-b6ae-40c5-b14d-4fc784348ea0
at org.openqa.selenium.remote.ErrorCodec.decode(ErrorCodec.java:167)
at org.openqa.selenium.remote.codec.w3c.W3CHttpResponseCodec.decode(W3CHttpResponseCodec.java:138)
at org.openqa.selenium.remote.codec.w3c.W3CHttpResponseCodec.decode(W3CHttpResponseCodec.java:50)
at org.openqa.selenium.remote.HttpCommandExecutor.execute(HttpCommandExecutor.java:190)
at org.openqa.selenium.remote.service.DriverCommandExecutor.invokeExecute(DriverCommandExecutor.java:216)
at org.openqa.selenium.remote.service.DriverCommandExecutor.execute(DriverCommandExecutor.java:174)
at org.openqa.selenium.remote.RemoteWebDriver.execute(RemoteWebDriver.java:518)
at org.openqa.selenium.remote.ElementLocation$ElementFinder$2.findElement(ElementLocation.java:165)
at org.openqa.selenium.remote.ElementLocation.findElement(ElementLocation.java:59)
at org.openqa.selenium.remote.RemoteWebDriver.findElement(RemoteWebDriver.java:355)
at org.openqa.selenium.remote.RemoteWebDriver.findElement(RemoteWebDriver.java:349)
at Utilities.Elementfetch.getWebElement(Elementfetch.java:17)
at pageEvents.RejectJobApplEvent.isdeletepopisdisplayed(RejectJobApplEvent.java:52)
at OregneHRM.TC07.rejectJobApplication(TC07.java:29)
at java.base/java.util.ArrayList.forEach(ArrayList.java:1597)
... Removed 28 stack frames]]>
    </failure>
  </testcase> <!-- rejectJobApplication -->
</testsuite> <!-- firefox -->
