<?xml version="1.0" encoding="UTF-8"?>
<!-- Generated by org.testng.reporters.JUnitXMLReporter -->
<testsuite ignored="0" hostname="DESKTOP-KSPA2IG" failures="0" tests="4" name="Test" time="2.828" errors="0" timestamp="2026-08-11T18:51:49 IST">
  <testcase classname="CommonClass.BaseTest" name="@BeforeClass Setup" time="-1.786454506107E9">
    <failure type="org.testng.TestNGException" message="
Parameter &amp;apos;browser&amp;apos; is required by BeforeClass on method Setup but has not been marked @Optional or defined
in C:\Users\admin\eclipse-workspace\cfins\XMLFiles\ParllelTest.xml">
      <![CDATA[org.testng.TestNGException: 
Parameter 'browser' is required by BeforeClass on method Setup but has not been marked @Optional or defined
in C:\Users\admin\eclipse-workspace\cfins\XMLFiles\ParllelTest.xml
at java.base/java.util.ArrayList.forEach(ArrayList.java:1597)
at java.base/java.util.concurrent.FutureTask.run(FutureTask.java:317)
at java.base/java.util.concurrent.ThreadPoolExecutor.runWorker(ThreadPoolExecutor.java:1144)
at java.base/java.util.concurrent.ThreadPoolExecutor$Worker.run(ThreadPoolExecutor.java:642)
at java.base/java.lang.Thread.run(Thread.java:1575)
... Removed 13 stack frames]]>
    </failure>
  </testcase> <!-- @BeforeClass Setup -->
  <testcase classname="CommonClass.BaseTest" name="@BeforeClass Setup" time="-1.786454508761E9">
    <failure type="org.testng.TestNGException" message="
Parameter &amp;apos;browser&amp;apos; is required by BeforeClass on method Setup but has not been marked @Optional or defined
in C:\Users\admin\eclipse-workspace\cfins\XMLFiles\ParllelTest.xml">
      <![CDATA[org.testng.TestNGException: 
Parameter 'browser' is required by BeforeClass on method Setup but has not been marked @Optional or defined
in C:\Users\admin\eclipse-workspace\cfins\XMLFiles\ParllelTest.xml
at java.base/java.util.ArrayList.forEach(ArrayList.java:1597)
at java.base/java.util.concurrent.FutureTask.run(FutureTask.java:317)
at java.base/java.util.concurrent.ThreadPoolExecutor.runWorker(ThreadPoolExecutor.java:1144)
at java.base/java.util.concurrent.ThreadPoolExecutor$Worker.run(ThreadPoolExecutor.java:642)
at java.base/java.lang.Thread.run(Thread.java:1575)
... Removed 13 stack frames]]>
    </failure>
  </testcase> <!-- @BeforeClass Setup -->
  <testcase classname="OregneHRM.TC06" name="recuitmentTest" time="0.0">
    <skipped/>
  </testcase> <!-- recuitmentTest -->
  <testcase classname="OregneHRM.TC07" name="userLogin" time="0.0">
    <skipped/>
  </testcase> <!-- userLogin -->
  <testcase classname="OregneHRM.TC06" name="addCnadidate" time="0.0">
    <skipped/>
  </testcase> <!-- addCnadidate -->
  <testcase classname="OregneHRM.TC07" name="rejectJobApplication" time="0.0">
    <skipped/>
  </testcase> <!-- rejectJobApplication -->
</testsuite> <!-- Test -->
