<?xml version="1.0" encoding="UTF-8"?>
<!-- Generated by org.testng.reporters.JUnitXMLReporter -->
<testsuite ignored="0" hostname="DESKTOP-KSPA2IG" failures="0" tests="2" name="firefox" time="3.202" errors="0" timestamp="2026-08-11T18:33:04 IST">
  <testcase classname="CommonClass.BaseTest" name="@BeforeClass Setup" time="-1.786453380317E9">
    <failure type="org.testng.TestNGException" message="
Parameter &amp;apos;browser&amp;apos; is required by BeforeClass on method Setup but has not been marked @Optional or defined
in C:\Users\admin\eclipse-workspace\cfins\test-output\Default suite\Crossbrowser.xml">
      <![CDATA[org.testng.TestNGException: 
Parameter 'browser' is required by BeforeClass on method Setup but has not been marked @Optional or defined
in C:\Users\admin\eclipse-workspace\cfins\test-output\Default suite\Crossbrowser.xml
at java.base/java.util.ArrayList.forEach(ArrayList.java:1597)
... Removed 22 stack frames]]>
    </failure>
  </testcase> <!-- @BeforeClass Setup -->
  <testcase classname="OregneHRM.TC07" name="userLogin" time="0.0">
    <skipped/>
  </testcase> <!-- userLogin -->
  <testcase classname="OregneHRM.TC07" name="rejectJobApplication" time="0.0">
    <skipped/>
  </testcase> <!-- rejectJobApplication -->
</testsuite> <!-- firefox -->
